<?xml version="1.0" encoding="UTF-8"?>
<testng-results ignored="0" total="1" passed="1" failed="0" skipped="0">
  <reporter-output>
  </reporter-output>
  <suite started-at="2023-02-16T13:15:54 CET" name="Default suite" finished-at="2023-02-16T13:16:29 CET" duration-ms="34796">
    <groups>
      <group name="cucumber">
        <method signature="AbstractTestNGCucumberTests.feature(cucumber.api.testng.CucumberFeatureWrapper)[pri:0, instance:com.TestRunnerBank.BankRunner@548a24a]" name="feature" class="cucumber.api.testng.AbstractTestNGCucumberTests"/>
      </group> <!-- cucumber -->
    </groups>
    <test started-at="2023-02-16T13:15:54 CET" name="Default test" finished-at="2023-02-16T13:16:29 CET" duration-ms="34796">
      <class name="com.TestRunnerBank.BankRunner">
        <test-method is-config="true" signature="startURl()[pri:0, instance:com.TestRunnerBank.BankRunner@548a24a]" started-at="2023-02-16T13:15:54 CET" name="startURl" finished-at="2023-02-16T13:16:00 CET" duration-ms="5484" status="PASS">
          <reporter-output>
          </reporter-output>
        </test-method> <!-- startURl -->
        <test-method is-config="true" signature="setUpClass()[pri:0, instance:com.TestRunnerBank.BankRunner@548a24a]" started-at="2023-02-16T13:16:00 CET" name="setUpClass" finished-at="2023-02-16T13:16:00 CET" duration-ms="453" status="PASS">
          <reporter-output>
          </reporter-output>
        </test-method> <!-- setUpClass -->
        <test-method signature="feature(cucumber.api.testng.CucumberFeatureWrapper)[pri:0, instance:com.TestRunnerBank.BankRunner@548a24a]" started-at="2023-02-16T13:16:00 CET" name="feature" description="Runs Cucumber Feature" data-provider="features" finished-at="2023-02-16T13:16:28 CET" duration-ms="27886" status="PASS">
          <params>
            <param index="0">
              <value>
                <![CDATA[This is a Bank79 Login feature.]]>
              </value>
            </param>
          </params>
          <reporter-output>
          </reporter-output>
        </test-method> <!-- feature -->
        <test-method is-config="true" signature="tearDownClass()[pri:0, instance:com.TestRunnerBank.BankRunner@548a24a]" started-at="2023-02-16T13:16:28 CET" name="tearDownClass" finished-at="2023-02-16T13:16:28 CET" duration-ms="47" status="PASS">
          <reporter-output>
          </reporter-output>
        </test-method> <!-- tearDownClass -->
        <test-method is-config="true" signature="closeURL()[pri:0, instance:com.TestRunnerBank.BankRunner@548a24a]" started-at="2023-02-16T13:16:28 CET" name="closeURL" finished-at="2023-02-16T13:16:29 CET" duration-ms="502" status="PASS">
          <reporter-output>
          </reporter-output>
        </test-method> <!-- closeURL -->
      </class> <!-- com.TestRunnerBank.BankRunner -->
    </test> <!-- Default test -->
  </suite> <!-- Default suite -->
</testng-results>
